<?xml version="1.0" encoding="UTF-8"?>
<testsuite xmlns:xsi="http://www.w3.org/2001/XMLSchema-instance" xsi:noNamespaceSchemaLocation="https://maven.apache.org/surefire/maven-surefire-plugin/xsd/surefire-test-report-3.0.xsd" version="3.0" name="org.example.lab4.CsvReaderTest" time="0.261" tests="4" errors="0" skipped="0" failures="0">
  <properties>
[...]
</properties>
  <testcase name="testFirstPerson" classname="org.example.lab4.CsvReaderTest" time="0.139"/>
  <testcase name="testSize" classname="org.example.lab4.CsvReaderTest" time="0.05"/>
  <testcase name="testSameDivisionSameDepartment" classname="org.example.lab4.CsvReaderTest" time="0.035"/>
  <testcase name="testDepartmentsNotNull" classname="org.example.lab4.CsvReaderTest" time="0.019"/>
</testsuite>